<?xml version="1.0" encoding="UTF-8"?>
<testng-results skipped="0" failed="0" ignored="0" total="1" passed="1">
  <reporter-output>
  </reporter-output>
  <suite name="Suite" duration-ms="10472" started-at="2018-06-22T05:20:02Z" finished-at="2018-06-22T05:20:12Z">
    <groups>
    </groups>
    <test name="Signup" duration-ms="10472" started-at="2018-06-22T05:20:02Z" finished-at="2018-06-22T05:20:12Z">
      <class name="com.coinlancer.SignUp.VerifyRadioButons">
        <test-method status="PASS" signature="openBrowser()[pri:0, instance:com.coinlancer.SignUp.VerifyRadioButons@e320068]" name="openBrowser" is-config="true" duration-ms="5575" started-at="2018-06-22T05:20:02Z" finished-at="2018-06-22T05:20:07Z">
          <reporter-output>
          </reporter-output>
        </test-method> <!-- openBrowser -->
        <test-method status="PASS" signature="beforeMethod(java.lang.reflect.Method, org.testng.ITestContext)[pri:0, instance:com.coinlancer.SignUp.VerifyRadioButons@e320068]" name="beforeMethod" is-config="true" duration-ms="115" started-at="2018-06-22T05:20:08Z" finished-at="2018-06-22T05:20:08Z">
          <params>
            <param index="0">
              <value>
                <![CDATA[public void com.coinlancer.SignUp.VerifyRadioButons.verifyRadioButton()]]>
              </value>
            </param>
            <param index="1">
              <value>
                <![CDATA[org.testng.TestRunner@6138e79a]]>
              </value>
            </param>
          </params>
          <reporter-output>
          </reporter-output>
        </test-method> <!-- beforeMethod -->
        <test-method status="PASS" signature="verifyRadioButton()[pri:0, instance:com.coinlancer.SignUp.VerifyRadioButons@e320068]" name="verifyRadioButton" duration-ms="4235" started-at="2018-06-22T05:20:08Z" finished-at="2018-06-22T05:20:12Z">
          <reporter-output>
          </reporter-output>
        </test-method> <!-- verifyRadioButton -->
        <test-method status="PASS" signature="afterMethod(org.testng.ITestResult)[pri:0, instance:com.coinlancer.SignUp.VerifyRadioButons@e320068]" name="afterMethod" is-config="true" duration-ms="374" started-at="2018-06-22T05:20:12Z" finished-at="2018-06-22T05:20:12Z">
          <params>
            <param index="0">
              <value>
                <![CDATA[[TestResult name=verifyRadioButton status=SUCCESS method=VerifyRadioButons.verifyRadioButton()[pri:0, instance:com.coinlancer.SignUp.VerifyRadioButons@e320068] output={null}]]]>
              </value>
            </param>
          </params>
          <reporter-output>
          </reporter-output>
        </test-method> <!-- afterMethod -->
        <test-method status="PASS" signature="closeBrowser()[pri:0, instance:com.coinlancer.SignUp.VerifyRadioButons@e320068]" name="closeBrowser" is-config="true" duration-ms="142" started-at="2018-06-22T05:20:12Z" finished-at="2018-06-22T05:20:12Z">
          <reporter-output>
          </reporter-output>
        </test-method> <!-- closeBrowser -->
      </class> <!-- com.coinlancer.SignUp.VerifyRadioButons -->
    </test> <!-- Signup -->
  </suite> <!-- Suite -->
</testng-results>
