<?xml version="1.0" encoding="UTF-8"?>
<testng-results skipped="0" failed="0" ignored="0" total="1" passed="1">
  <reporter-output>
    <line>
      <![CDATA[About to begin executing Suite Default suite]]>
    </line>
    <line>
      <![CDATA[About to begin executing Test Default test]]>
    </line>
    <line>
      <![CDATA[Test Method resides in com.coinlancer.SignUp.Signup1]]>
    </line>
    <line>
      <![CDATA[Test Status: Pass]]>
    </line>
  </reporter-output>
  <suite name="Default suite" duration-ms="17770" started-at="2018-07-16T13:47:23Z" finished-at="2018-07-16T13:47:40Z">
    <groups>
    </groups>
    <test name="Default test" duration-ms="17770" started-at="2018-07-16T13:47:23Z" finished-at="2018-07-16T13:47:40Z">
      <class name="com.coinlancer.SignUp.Signup1">
        <test-method status="PASS" signature="openBrowser()[pri:0, instance:com.coinlancer.SignUp.Signup1@396e2f39]" name="openBrowser" is-config="true" duration-ms="3901" started-at="2018-07-16T13:47:23Z" finished-at="2018-07-16T13:47:27Z">
          <reporter-output>
          </reporter-output>
        </test-method> <!-- openBrowser -->
        <test-method status="PASS" signature="beforeMethod(java.lang.reflect.Method, org.testng.ITestContext)[pri:0, instance:com.coinlancer.SignUp.Signup1@396e2f39]" name="beforeMethod" is-config="true" duration-ms="0" started-at="2018-07-16T13:47:27Z" finished-at="2018-07-16T13:47:27Z">
          <params>
            <param index="0">
              <value>
                <![CDATA[public void com.coinlancer.SignUp.Signup1.verifyRegistration() throws java.io.IOException]]>
              </value>
            </param>
            <param index="1">
              <value>
                <![CDATA[org.testng.TestRunner@149dd36b]]>
              </value>
            </param>
          </params>
          <reporter-output>
          </reporter-output>
        </test-method> <!-- beforeMethod -->
        <test-method status="PASS" signature="verifyRegistration()[pri:0, instance:com.coinlancer.SignUp.Signup1@396e2f39]" name="verifyRegistration" duration-ms="13464" started-at="2018-07-16T13:47:27Z" finished-at="2018-07-16T13:47:40Z">
          <reporter-output>
            <line>
              <![CDATA[Test Method resides in com.coinlancer.SignUp.Signup1]]>
            </line>
            <line>
              <![CDATA[Test Status: Pass]]>
            </line>
          </reporter-output>
        </test-method> <!-- verifyRegistration -->
        <test-method status="PASS" signature="afterMethod(org.testng.ITestResult)[pri:0, instance:com.coinlancer.SignUp.Signup1@396e2f39]" name="afterMethod" is-config="true" duration-ms="40" started-at="2018-07-16T13:47:40Z" finished-at="2018-07-16T13:47:40Z">
          <params>
            <param index="0">
              <value>
                <![CDATA[[TestResult name=verifyRegistration status=SUCCESS method=Signup1.verifyRegistration()[pri:0, instance:com.coinlancer.SignUp.Signup1@396e2f39] output=Test Method resides in com.coinlancer.SignUp.Signup1]]]>
              </value>
            </param>
          </params>
          <reporter-output>
          </reporter-output>
        </test-method> <!-- afterMethod -->
      </class> <!-- com.coinlancer.SignUp.Signup1 -->
    </test> <!-- Default test -->
  </suite> <!-- Default suite -->
</testng-results>
